[INFO ] 2022-05-31 11:41:45.746 TestBase:31 - Browser:Chrome is used for testing
[INFO ] 2022-05-31 11:41:49.868 TestBase:34 - Application Url : http://automationpractice.com/index.php is opened in browser.
[INFO ] 2022-05-31 11:41:50.185 TestBase:39 - Window maximized and cookies are deleted
[WARN ] 2022-05-31 11:41:50.427 HomePageTest:24 - Running home Page Test
[INFO ] 2022-05-31 11:41:50.636 TestBase:45 - Quiting Driver
[INFO ] 2022-05-31 11:41:52.419 TestBase:31 - Browser:Chrome is used for testing
[INFO ] 2022-05-31 11:41:56.764 TestBase:34 - Application Url : http://automationpractice.com/index.php is opened in browser.
[INFO ] 2022-05-31 11:41:57.169 TestBase:39 - Window maximized and cookies are deleted
[INFO ] 2022-05-31 11:42:08.664 TestBase:45 - Quiting Driver
[INFO ] 2022-05-31 11:42:10.414 TestBase:31 - Browser:Chrome is used for testing
[INFO ] 2022-05-31 11:42:13.901 TestBase:34 - Application Url : http://automationpractice.com/index.php is opened in browser.
[INFO ] 2022-05-31 11:42:14.218 TestBase:39 - Window maximized and cookies are deleted
[ERROR] 2022-05-31 11:42:17.130 AddToWishlistTest:25 - Text doesn't match
[INFO ] 2022-05-31 11:42:20.238 TestBase:45 - Quiting Driver
[INFO ] 2022-05-31 11:45:57.381 TestBase:31 - Browser:Chrome is used for testing
[INFO ] 2022-05-31 11:46:01.406 TestBase:34 - Application Url : http://automationpractice.com/index.php is opened in browser.
[INFO ] 2022-05-31 11:46:01.806 TestBase:39 - Window maximized and cookies are deleted
[WARN ] 2022-05-31 11:46:02.059 HomePageTest:24 - Running home Page Test
[INFO ] 2022-05-31 11:46:02.271 TestBase:45 - Quiting Driver
[INFO ] 2022-05-31 11:46:03.872 TestBase:31 - Browser:Chrome is used for testing
[INFO ] 2022-05-31 11:46:08.466 TestBase:34 - Application Url : http://automationpractice.com/index.php is opened in browser.
[INFO ] 2022-05-31 11:46:08.802 TestBase:39 - Window maximized and cookies are deleted
[INFO ] 2022-05-31 11:46:18.290 TestBase:45 - Quiting Driver
[INFO ] 2022-05-31 11:46:19.632 TestBase:31 - Browser:Chrome is used for testing
[INFO ] 2022-05-31 11:46:23.353 TestBase:34 - Application Url : http://automationpractice.com/index.php is opened in browser.
[INFO ] 2022-05-31 11:46:23.658 TestBase:39 - Window maximized and cookies are deleted
[ERROR] 2022-05-31 11:46:27.487 AddToWishlistTest:25 - Text doesn't match
[INFO ] 2022-05-31 11:46:28.449 TestBase:45 - Quiting Driver
[INFO ] 2022-05-31 12:03:50.540 TestBase:31 - Browser:Chrome is used for testing
[INFO ] 2022-05-31 12:03:54.528 TestBase:34 - Application Url : http://automationpractice.com/index.php is opened in browser.
[INFO ] 2022-05-31 12:03:55.622 TestBase:39 - Window maximized and cookies are deleted
[WARN ] 2022-05-31 12:03:55.865 HomePageTest:24 - Running home Page Test
[INFO ] 2022-05-31 12:03:56.060 TestBase:45 - Quiting Driver
[INFO ] 2022-05-31 12:03:57.731 TestBase:31 - Browser:Chrome is used for testing
[INFO ] 2022-05-31 12:04:02.525 TestBase:34 - Application Url : http://automationpractice.com/index.php is opened in browser.
[INFO ] 2022-05-31 12:04:02.922 TestBase:39 - Window maximized and cookies are deleted
[INFO ] 2022-05-31 12:04:15.200 TestBase:45 - Quiting Driver
[INFO ] 2022-05-31 12:04:16.598 TestBase:31 - Browser:Chrome is used for testing
[INFO ] 2022-05-31 12:04:20.116 TestBase:34 - Application Url : http://automationpractice.com/index.php is opened in browser.
[INFO ] 2022-05-31 12:04:20.437 TestBase:39 - Window maximized and cookies are deleted
[ERROR] 2022-05-31 12:04:24.575 AddToWishlistTest:25 - Text doesn't match
[INFO ] 2022-05-31 12:04:25.897 TestBase:45 - Quiting Driver
[INFO ] 2022-05-31 12:06:22.538 TestBase:31 - Browser:Chrome is used for testing
[INFO ] 2022-05-31 12:06:27.795 TestBase:34 - Application Url : http://automationpractice.com/index.php is opened in browser.
[INFO ] 2022-05-31 12:06:28.146 TestBase:39 - Window maximized and cookies are deleted
[WARN ] 2022-05-31 12:06:28.386 HomePageTest:24 - Running home Page Test
[INFO ] 2022-05-31 12:06:28.598 TestBase:45 - Quiting Driver
[INFO ] 2022-05-31 12:06:30.294 TestBase:31 - Browser:Chrome is used for testing
[INFO ] 2022-05-31 12:06:34.269 TestBase:34 - Application Url : http://automationpractice.com/index.php is opened in browser.
[INFO ] 2022-05-31 12:06:34.592 TestBase:39 - Window maximized and cookies are deleted
[INFO ] 2022-05-31 12:06:45.610 TestBase:45 - Quiting Driver
[INFO ] 2022-05-31 12:06:46.964 TestBase:31 - Browser:Chrome is used for testing
[INFO ] 2022-05-31 12:06:51.944 TestBase:34 - Application Url : http://automationpractice.com/index.php is opened in browser.
[INFO ] 2022-05-31 12:06:52.276 TestBase:39 - Window maximized and cookies are deleted
[ERROR] 2022-05-31 12:06:54.799 AddToWishlistTest:25 - Text doesn't match
[INFO ] 2022-05-31 12:06:55.411 TestBase:45 - Quiting Driver
[INFO ] 2022-05-31 12:09:49.057 TestBase:31 - Browser:Chrome is used for testing
[INFO ] 2022-05-31 12:09:53.907 TestBase:34 - Application Url : http://automationpractice.com/index.php is opened in browser.
[INFO ] 2022-05-31 12:09:54.265 TestBase:39 - Window maximized and cookies are deleted
[WARN ] 2022-05-31 12:09:54.484 HomePageTest:24 - Running home Page Test
[INFO ] 2022-05-31 12:09:54.678 TestBase:45 - Quiting Driver
[INFO ] 2022-05-31 12:09:56.255 TestBase:31 - Browser:Chrome is used for testing
[INFO ] 2022-05-31 12:10:00.401 TestBase:34 - Application Url : http://automationpractice.com/index.php is opened in browser.
[INFO ] 2022-05-31 12:10:00.614 TestBase:39 - Window maximized and cookies are deleted
[INFO ] 2022-05-31 12:10:10.342 TestBase:45 - Quiting Driver
[INFO ] 2022-05-31 12:10:12.444 TestBase:31 - Browser:Chrome is used for testing
[INFO ] 2022-05-31 12:10:16.092 TestBase:34 - Application Url : http://automationpractice.com/index.php is opened in browser.
[INFO ] 2022-05-31 12:10:16.474 TestBase:39 - Window maximized and cookies are deleted
[ERROR] 2022-05-31 12:10:26.781 AddToWishlistTest:25 - Text doesn't match
[INFO ] 2022-05-31 12:10:40.220 TestBase:45 - Quiting Driver
[INFO ] 2022-05-31 12:10:41.817 TestBase:31 - Browser:Chrome is used for testing
[INFO ] 2022-05-31 12:10:46.531 TestBase:34 - Application Url : http://automationpractice.com/index.php is opened in browser.
[INFO ] 2022-05-31 12:10:46.849 TestBase:39 - Window maximized and cookies are deleted
[ERROR] 2022-05-31 12:10:49.519 AddToWishlistTest:25 - Text doesn't match
[INFO ] 2022-05-31 12:10:52.706 TestBase:45 - Quiting Driver
[INFO ] 2022-05-31 12:16:08.304 TestBase:31 - Browser:Chrome is used for testing
[INFO ] 2022-05-31 12:16:13.458 TestBase:34 - Application Url : http://automationpractice.com/index.php is opened in browser.
[INFO ] 2022-05-31 12:16:13.779 TestBase:39 - Window maximized and cookies are deleted
[WARN ] 2022-05-31 12:16:14.050 HomePageTest:24 - Running home Page Test
[INFO ] 2022-05-31 12:16:14.267 TestBase:45 - Quiting Driver
[INFO ] 2022-05-31 12:16:16.031 TestBase:31 - Browser:Chrome is used for testing
[INFO ] 2022-05-31 12:16:23.195 TestBase:34 - Application Url : http://automationpractice.com/index.php is opened in browser.
[INFO ] 2022-05-31 12:16:23.396 TestBase:39 - Window maximized and cookies are deleted
[INFO ] 2022-05-31 12:16:39.861 TestBase:45 - Quiting Driver
[INFO ] 2022-05-31 12:16:41.293 TestBase:31 - Browser:Chrome is used for testing
[INFO ] 2022-05-31 12:16:46.773 TestBase:34 - Application Url : http://automationpractice.com/index.php is opened in browser.
[INFO ] 2022-05-31 12:16:47.140 TestBase:39 - Window maximized and cookies are deleted
[INFO ] 2022-05-31 12:17:04.695 TestBase:45 - Quiting Driver
[INFO ] 2022-05-31 12:17:06.181 TestBase:31 - Browser:Chrome is used for testing
[INFO ] 2022-05-31 12:17:09.932 TestBase:34 - Application Url : http://automationpractice.com/index.php is opened in browser.
[INFO ] 2022-05-31 12:17:10.265 TestBase:39 - Window maximized and cookies are deleted
[ERROR] 2022-05-31 12:17:13.252 AddToWishlistTest:25 - Text doesn't match
[INFO ] 2022-05-31 12:17:14.059 TestBase:45 - Quiting Driver
[INFO ] 2022-05-31 12:18:14.994 TestBase:31 - Browser:Chrome is used for testing
[INFO ] 2022-05-31 12:18:22.612 TestBase:34 - Application Url : http://automationpractice.com/index.php is opened in browser.
[INFO ] 2022-05-31 12:18:22.954 TestBase:39 - Window maximized and cookies are deleted
[WARN ] 2022-05-31 12:18:23.197 HomePageTest:24 - Running home Page Test
[INFO ] 2022-05-31 12:18:23.402 TestBase:45 - Quiting Driver
[INFO ] 2022-05-31 12:18:24.852 TestBase:31 - Browser:Chrome is used for testing
[INFO ] 2022-05-31 12:18:31.252 TestBase:34 - Application Url : http://automationpractice.com/index.php is opened in browser.
[INFO ] 2022-05-31 12:18:31.559 TestBase:39 - Window maximized and cookies are deleted
[INFO ] 2022-05-31 12:18:41.706 TestBase:45 - Quiting Driver
[INFO ] 2022-05-31 12:18:43.102 TestBase:31 - Browser:Chrome is used for testing
[INFO ] 2022-05-31 12:18:46.794 TestBase:34 - Application Url : http://automationpractice.com/index.php is opened in browser.
[INFO ] 2022-05-31 12:18:47.096 TestBase:39 - Window maximized and cookies are deleted
[ERROR] 2022-05-31 12:18:50.169 AddToWishlistTest:25 - Text doesn't match
[INFO ] 2022-05-31 12:18:50.808 TestBase:45 - Quiting Driver
[INFO ] 2022-05-31 13:02:24.540 TestBase:31 - Browser:Chrome is used for testing
[INFO ] 2022-05-31 13:02:33.821 TestBase:34 - Application Url : http://automationpractice.com/index.php is opened in browser.
[INFO ] 2022-05-31 13:02:34.286 TestBase:39 - Window maximized and cookies are deleted
[WARN ] 2022-05-31 13:02:34.524 HomePageTest:24 - Running home Page Test
[INFO ] 2022-05-31 13:02:34.736 TestBase:45 - Quiting Driver
[INFO ] 2022-05-31 13:02:36.531 TestBase:31 - Browser:Chrome is used for testing
[INFO ] 2022-05-31 13:02:40.286 TestBase:34 - Application Url : http://automationpractice.com/index.php is opened in browser.
[INFO ] 2022-05-31 13:02:40.631 TestBase:39 - Window maximized and cookies are deleted
[INFO ] 2022-05-31 13:02:54.860 TestBase:45 - Quiting Driver
[INFO ] 2022-05-31 13:02:56.520 TestBase:31 - Browser:Chrome is used for testing
[INFO ] 2022-05-31 13:03:00.254 TestBase:34 - Application Url : http://automationpractice.com/index.php is opened in browser.
[INFO ] 2022-05-31 13:03:00.603 TestBase:39 - Window maximized and cookies are deleted
[ERROR] 2022-05-31 13:03:04.240 AddToWishlistTest:25 - Text doesn't match
[INFO ] 2022-05-31 13:03:04.982 TestBase:45 - Quiting Driver
[INFO ] 2022-05-31 13:09:15.692 TestBase:31 - Browser:Chrome is used for testing
[INFO ] 2022-05-31 13:09:19.796 TestBase:34 - Application Url : http://automationpractice.com/index.php is opened in browser.
[INFO ] 2022-05-31 13:09:20.169 TestBase:39 - Window maximized and cookies are deleted
[WARN ] 2022-05-31 13:09:20.414 HomePageTest:24 - Running home Page Test
[INFO ] 2022-05-31 13:09:20.600 TestBase:45 - Quiting Driver
[INFO ] 2022-05-31 13:09:22.234 TestBase:31 - Browser:Chrome is used for testing
[INFO ] 2022-05-31 13:09:25.855 TestBase:34 - Application Url : http://automationpractice.com/index.php is opened in browser.
[INFO ] 2022-05-31 13:09:26.193 TestBase:39 - Window maximized and cookies are deleted
[INFO ] 2022-05-31 13:09:36.100 TestBase:45 - Quiting Driver
[INFO ] 2022-05-31 13:09:37.445 TestBase:31 - Browser:Chrome is used for testing
[INFO ] 2022-05-31 13:09:41.437 TestBase:34 - Application Url : http://automationpractice.com/index.php is opened in browser.
[INFO ] 2022-05-31 13:09:41.757 TestBase:39 - Window maximized and cookies are deleted
[ERROR] 2022-05-31 13:09:45.657 AddToWishlistTest:25 - Text doesn't match
[INFO ] 2022-05-31 13:09:47.128 TestBase:45 - Quiting Driver
[INFO ] 2022-05-31 13:10:12.283 TestBase:31 - Browser:Chrome is used for testing
[INFO ] 2022-05-31 13:10:15.962 TestBase:34 - Application Url : http://automationpractice.com/index.php is opened in browser.
[INFO ] 2022-05-31 13:10:16.380 TestBase:39 - Window maximized and cookies are deleted
[WARN ] 2022-05-31 13:10:16.599 HomePageTest:24 - Running home Page Test
[INFO ] 2022-05-31 13:10:16.800 TestBase:45 - Quiting Driver
[INFO ] 2022-05-31 13:10:18.574 TestBase:31 - Browser:Chrome is used for testing
[INFO ] 2022-05-31 13:10:23.968 TestBase:34 - Application Url : http://automationpractice.com/index.php is opened in browser.
[INFO ] 2022-05-31 13:10:24.307 TestBase:39 - Window maximized and cookies are deleted
[INFO ] 2022-05-31 13:10:33.216 TestBase:45 - Quiting Driver
[INFO ] 2022-05-31 13:10:34.946 TestBase:31 - Browser:Chrome is used for testing
[INFO ] 2022-05-31 13:10:39.403 TestBase:34 - Application Url : http://automationpractice.com/index.php is opened in browser.
[INFO ] 2022-05-31 13:10:39.697 TestBase:39 - Window maximized and cookies are deleted
[ERROR] 2022-05-31 13:10:42.911 AddToWishlistTest:25 - Text doesn't match
[INFO ] 2022-05-31 13:10:46.501 TestBase:45 - Quiting Driver
[INFO ] 2022-05-31 13:11:26.396 TestBase:31 - Browser:Chrome is used for testing
[INFO ] 2022-05-31 13:17:09.511 TestBase:31 - Browser:Chrome is used for testing
[INFO ] 2022-05-31 13:17:14.855 TestBase:34 - Application Url : http://automationpractice.com/index.php is opened in browser.
[INFO ] 2022-05-31 13:17:15.375 TestBase:39 - Window maximized and cookies are deleted
[WARN ] 2022-05-31 13:17:15.698 HomePageTest:24 - Running home Page Test
[INFO ] 2022-05-31 13:17:16.004 TestBase:45 - Quiting Driver
[INFO ] 2022-05-31 13:17:18.097 TestBase:31 - Browser:Chrome is used for testing
[INFO ] 2022-05-31 13:17:20.164 TestBase:31 - Browser:Chrome is used for testing
[INFO ] 2022-05-31 13:17:26.166 TestBase:34 - Application Url : http://automationpractice.com/index.php is opened in browser.
[INFO ] 2022-05-31 13:17:26.637 TestBase:39 - Window maximized and cookies are deleted
[INFO ] 2022-05-31 13:17:28.209 TestBase:34 - Application Url : http://automationpractice.com/index.php is opened in browser.
[INFO ] 2022-05-31 13:17:28.718 TestBase:39 - Window maximized and cookies are deleted
[WARN ] 2022-05-31 13:17:28.988 HomePageTest:24 - Running home Page Test
[INFO ] 2022-05-31 13:17:29.227 TestBase:45 - Quiting Driver
[INFO ] 2022-05-31 13:17:30.823 TestBase:31 - Browser:Chrome is used for testing
[INFO ] 2022-05-31 13:17:39.707 TestBase:34 - Application Url : http://automationpractice.com/index.php is opened in browser.
[INFO ] 2022-05-31 13:17:40.054 TestBase:39 - Window maximized and cookies are deleted
[INFO ] 2022-05-31 13:18:02.326 TestBase:45 - Quiting Driver
[INFO ] 2022-05-31 13:18:04.394 TestBase:31 - Browser:Chrome is used for testing
[INFO ] 2022-05-31 13:18:18.693 TestBase:34 - Application Url : http://automationpractice.com/index.php is opened in browser.
[INFO ] 2022-05-31 13:18:19.033 TestBase:39 - Window maximized and cookies are deleted
[INFO ] 2022-05-31 13:18:24.740 TestBase:45 - Quiting Driver
[INFO ] 2022-05-31 13:18:27.546 TestBase:31 - Browser:Chrome is used for testing
[ERROR] 2022-05-31 13:18:33.599 AddToWishlistTest:25 - Text doesn't match
[INFO ] 2022-05-31 13:18:36.589 TestBase:34 - Application Url : http://automationpractice.com/index.php is opened in browser.
[INFO ] 2022-05-31 13:18:36.902 TestBase:39 - Window maximized and cookies are deleted
[INFO ] 2022-05-31 13:18:37.615 TestBase:45 - Quiting Driver
[ERROR] 2022-05-31 13:18:42.532 AddToWishlistTest:25 - Text doesn't match
[INFO ] 2022-05-31 13:18:43.706 TestBase:45 - Quiting Driver
[INFO ] 2022-06-03 15:38:04.445 TestBase:31 - Browser:Chrome is used for testing
[INFO ] 2022-06-03 15:38:08.912 TestBase:34 - Application Url : http://automationpractice.com/index.php is opened in browser.
[INFO ] 2022-06-03 15:38:09.235 TestBase:39 - Window maximized and cookies are deleted
[WARN ] 2022-06-03 15:38:09.641 HomePageTest:24 - Running home Page Test
[INFO ] 2022-06-03 15:38:10.079 TestBase:45 - Quiting Driver
[INFO ] 2022-06-03 15:38:12.519 TestBase:31 - Browser:Chrome is used for testing
[INFO ] 2022-06-03 15:38:16.477 TestBase:34 - Application Url : http://automationpractice.com/index.php is opened in browser.
[INFO ] 2022-06-03 15:38:16.775 TestBase:39 - Window maximized and cookies are deleted
[INFO ] 2022-06-03 15:38:28.849 TestBase:45 - Quiting Driver
[INFO ] 2022-06-03 15:38:30.741 TestBase:31 - Browser:Chrome is used for testing
[INFO ] 2022-06-03 15:38:35.072 TestBase:34 - Application Url : http://automationpractice.com/index.php is opened in browser.
[INFO ] 2022-06-03 15:38:35.327 TestBase:39 - Window maximized and cookies are deleted
[ERROR] 2022-06-03 15:38:38.353 AddToWishlistTest:25 - Text doesn't match
[INFO ] 2022-06-03 15:38:40.359 TestBase:45 - Quiting Driver
[INFO ] 2022-06-03 15:40:11.387 TestBase:31 - Browser:Chrome is used for testing
[INFO ] 2022-06-03 15:40:15.510 TestBase:34 - Application Url : http://automationpractice.com/index.php is opened in browser.
[INFO ] 2022-06-03 15:40:15.794 TestBase:39 - Window maximized and cookies are deleted
[WARN ] 2022-06-03 15:40:16.149 HomePageTest:24 - Running home Page Test
[INFO ] 2022-06-03 15:40:16.390 TestBase:45 - Quiting Driver
[INFO ] 2022-06-03 15:40:18.505 TestBase:31 - Browser:Chrome is used for testing
[INFO ] 2022-06-03 15:40:24.427 TestBase:34 - Application Url : http://automationpractice.com/index.php is opened in browser.
[INFO ] 2022-06-03 15:40:24.687 TestBase:39 - Window maximized and cookies are deleted
[INFO ] 2022-06-03 15:40:38.318 TestBase:45 - Quiting Driver
[INFO ] 2022-06-03 15:40:40.748 TestBase:31 - Browser:Chrome is used for testing
[INFO ] 2022-06-03 15:40:44.693 TestBase:34 - Application Url : http://automationpractice.com/index.php is opened in browser.
[INFO ] 2022-06-03 15:40:44.985 TestBase:39 - Window maximized and cookies are deleted
[INFO ] 2022-06-03 15:40:59.309 TestBase:45 - Quiting Driver
[INFO ] 2022-06-03 15:41:01.519 TestBase:31 - Browser:Chrome is used for testing
[INFO ] 2022-06-03 15:41:05.178 TestBase:34 - Application Url : http://automationpractice.com/index.php is opened in browser.
[INFO ] 2022-06-03 15:41:05.427 TestBase:39 - Window maximized and cookies are deleted
[ERROR] 2022-06-03 15:41:08.482 AddToWishlistTest:25 - Text doesn't match
[INFO ] 2022-06-03 15:41:09.272 TestBase:45 - Quiting Driver
